[2020-02-15 00:16:25] wrk-dutyschedule.INFO: Request for a.mellert [] []
[2020-02-15 00:54:04] wrk-dutyschedule.INFO: Request for a.mellert [] []
[2020-02-15 01:31:33] wrk-dutyschedule.INFO: Request for a.mellert [] []
[2020-02-15 02:09:26] wrk-dutyschedule.INFO: Request for a.mellert [] []
[2020-02-15 02:41:32] wrk-dutyschedule.INFO: Request for a.mellert [] []
[2020-02-15 03:12:51] wrk-dutyschedule.INFO: Request for d.steiner [] []
[2020-02-15 03:14:03] wrk-dutyschedule.INFO: Request for d.steiner [] []
[2020-02-15 03:20:03] wrk-dutyschedule.INFO: Request for a.mellert [] []
[2020-02-15 03:41:42] wrk-dutyschedule.INFO: Request for a.dalir [] []
[2020-02-15 03:53:03] wrk-dutyschedule.INFO: Request for a.mellert [] []
[2020-02-15 04:15:12] wrk-dutyschedule.INFO: Request for P.bruestle [] []
[2020-02-15 04:27:59] wrk-dutyschedule.INFO: Request for a.mellert [] []
[2020-02-15 05:02:04] wrk-dutyschedule.INFO: Request for k.roedl [] []
[2020-02-15 05:07:42] wrk-dutyschedule.INFO: Request for a.mellert [] []
[2020-02-15 05:08:24] wrk-dutyschedule.INFO: Request for a.mellert [] []
[2020-02-15 07:23:15] wrk-dutyschedule.INFO: Request for d.steiner [] []
[2020-02-15 07:42:50] wrk-dutyschedule.INFO: Request for d.steiner [] []
[2020-02-15 08:47:55] wrk-dutyschedule.INFO: Request for d.steiner [] []
[2020-02-15 09:19:40] wrk-dutyschedule.INFO: Request for d.steiner [] []
[2020-02-15 10:03:13] wrk-dutyschedule.INFO: Request for d.steiner [] []
[2020-02-15 10:04:45] wrk-dutyschedule.INFO: Request for d.steiner [] []
[2020-02-15 10:37:09] wrk-dutyschedule.INFO: Request for d.steiner [] []
[2020-02-15 10:50:27] wrk-dutyschedule.INFO: Request for d.steiner [] []
[2020-02-15 12:47:08] wrk-dutyschedule.INFO: Request for d.steiner [] []
[2020-02-15 14:23:10] wrk-dutyschedule.INFO: Request for d.steiner [] []
[2020-02-15 18:18:57] wrk-dutyschedule.INFO: Request for a.dalir [] []
[2020-02-15 18:23:56] wrk-dutyschedule.INFO: Request for d.steiner [] []
[2020-02-15 19:15:59] wrk-dutyschedule.INFO: Request for d.steiner [] []
[2020-02-15 19:29:05] wrk-dutyschedule.INFO: Request for d.steiner [] []
[2020-02-15 19:59:13] wrk-dutyschedule.INFO: Request for d.steiner [] []
[2020-02-15 20:12:25] wrk-dutyschedule.INFO: Request for P.bruestle [] []
[2020-02-15 20:37:36] wrk-dutyschedule.INFO: Request for d.steiner [] []
[2020-02-15 20:53:13] wrk-dutyschedule.INFO: Request for k.roedl [] []
[2020-02-15 20:59:04] wrk-dutyschedule.INFO: Request for d.steiner [] []
[2020-02-15 21:00:36] wrk-dutyschedule.INFO: Request for a.mellert [] []
[2020-02-15 21:49:25] wrk-dutyschedule.INFO: Request for a.mellert [] []
[2020-02-15 22:19:42] wrk-dutyschedule.INFO: Request for a.mellert [] []
[2020-02-15 22:50:08] wrk-dutyschedule.INFO: Request for a.mellert [] []
[2020-02-15 22:58:24] wrk-dutyschedule.INFO: Request for d.steiner [] []
[2020-02-15 23:49:54] wrk-dutyschedule.INFO: Request for a.mellert [] []
